
Unigraphics NX V1847 / 2D Exchange

Reading part: C:\Users\PC-4\OneDrive - 한국폴리텍대학\Shared Documents - catwheel project\1. HW\2. 3D\6. Cycle + Cricular Cat Wheel_Rev2\6-2_1_1 측면 1_4 원형 판자.prt


Writing part: C:\Users\PC-4\AppData\Local\Temp\PC-4745C4A11a3ku.prt

Elapsed time   :    0 minutes,  1 seconds
Actual CPU Time:    0 minutes,  1 seconds

INFO-
INFO-		Unigraphics Version NX V1847 to AutoCAD 2004
INFO-		
INFO-
INFO-		Running UGTODXF Translator .....
INFO-
INFO-		Start of Translation: Mon Jul 24 16:04:26 2023
INFO-
STATUS-		Converting C:\Users\PC-4\AppData\Local\Temp\PC-4745C4A11a3ku.prt
STATUS-
SUMMARY-
SUMMARY-	Summary of Unigraphics Input Entities
SUMMARY-	For Unigraphics File: C:\Users\PC-4\AppData\Local\Temp\PC-4745C4A11a3ku.prt
SUMMARY-	------------------------------------------------------------------
SUMMARY-	Entity Type					Count
SUMMARY-	------------------------------------------------------------------
SUMMARY-	Line .....................................:	10
SUMMARY-	Point ....................................:	1
SUMMARY-	Arc ......................................:	2
SUMMARY-	Circle ...................................:	20
SUMMARY-	------------------------------------------------------------------
SUMMARY-	Total ....................................:	33
SUMMARY-	------------------------------------------------------------------
SUMMARY-
STATUS-
INFO-
INFO-		Writing File: C:\Users\PC-4\OneDrive - 한국폴리텍대학\Shared Documents - catwheel project\1. HW\2. 3D\6. Cycle + Cricular Cat Wheel_Rev2\6-2_1_1 측면 1_4 원형 판자.dxf
SUMMARY-	Summary of AutoCAD Output Entities
SUMMARY-	------------------------------------------------------------------
SUMMARY-	Entity Type					Count
SUMMARY-	------------------------------------------------------------------
SUMMARY-	Arc ......................................:	2
SUMMARY-	Circle ...................................:	20
SUMMARY-	Point ....................................:	1
SUMMARY-	Line .....................................:	48
SUMMARY-	Layout ...................................:	6
SUMMARY-	------------------------------------------------------------------
SUMMARY-	Total ....................................:	77
SUMMARY-	------------------------------------------------------------------
SUMMARY-
INFO-
INFO-		End of Translation: Mon Jul 24 16:04:27 2023
INFO-		Translation CPU time: 0 m, 0 sINFO-
