
Unigraphics NX V1847 / 2D Exchange

Reading part: C:\Users\PC-4\OneDrive - 한국폴리텍대학\Shared Documents - catwheel project\1. HW\2. 3D\6. Cycle + Cricular Cat Wheel_Rev2\6-2_1_2 정면 사각 판자.prt


Writing part: C:\Users\PC-4\AppData\Local\Temp\PC-4745C4A11a3ka.prt

Elapsed time   :    0 minutes,  1 seconds
Actual CPU Time:    0 minutes,  1 seconds

INFO-
INFO-		Unigraphics Version NX V1847 to AutoCAD 2004
INFO-		
INFO-
INFO-		Running UGTODXF Translator .....
INFO-
INFO-		Start of Translation: Mon Jul 24 16:03:37 2023
INFO-
STATUS-		Converting C:\Users\PC-4\AppData\Local\Temp\PC-4745C4A11a3ka.prt
STATUS-
SUMMARY-
SUMMARY-	Summary of Unigraphics Input Entities
SUMMARY-	For Unigraphics File: C:\Users\PC-4\AppData\Local\Temp\PC-4745C4A11a3ka.prt
SUMMARY-	------------------------------------------------------------------
SUMMARY-	Entity Type					Count
SUMMARY-	------------------------------------------------------------------
SUMMARY-	Line .....................................:	34
SUMMARY-	Point ....................................:	2
SUMMARY-	Circle ...................................:	2
SUMMARY-	------------------------------------------------------------------
SUMMARY-	Total ....................................:	38
SUMMARY-	------------------------------------------------------------------
SUMMARY-
STATUS-
INFO-
INFO-		Writing File: C:\Users\PC-4\OneDrive - 한국폴리텍대학\Shared Documents - catwheel project\1. HW\2. 3D\6. Cycle + Cricular Cat Wheel_Rev2\6-2_1_2 정면 사각 판자.dxf
SUMMARY-	Summary of AutoCAD Output Entities
SUMMARY-	------------------------------------------------------------------
SUMMARY-	Entity Type					Count
SUMMARY-	------------------------------------------------------------------
SUMMARY-	Circle ...................................:	2
SUMMARY-	Point ....................................:	2
SUMMARY-	Line .....................................:	38
SUMMARY-	Layout ...................................:	6
SUMMARY-	------------------------------------------------------------------
SUMMARY-	Total ....................................:	48
SUMMARY-	------------------------------------------------------------------
SUMMARY-
INFO-
INFO-		End of Translation: Mon Jul 24 16:03:39 2023
INFO-		Translation CPU time: 0 m, 1 sINFO-
